"../../../Engine/Content/EditorResources/S_Actor.ubulk" 0
"../../../Engine/Content/EditorResources/S_Actor.uasset" 1
"../../../Engine/Content/EditorResources/S_Actor.uexp" 2
"../../../Engine/Content/EditorResources/S_BoxReflectionCapture.uasset" 3
"../../../Engine/Content/EditorResources/S_BoxReflectionCapture.uexp" 4
"../../../Engine/Content/EngineResources/DefaultTexture.ubulk" 5
"../../../Engine/Content/EngineResources/DefaultTexture.uasset" 6
"../../../Engine/Content/EngineResources/DefaultTexture.uexp" 7
"../../../Engine/Content/EngineResources/DefaultTextureCube.uasset" 8
"../../../Engine/Content/EngineResources/DefaultTextureCube.uexp" 9
"../../../Engine/Content/EngineResources/DefaultVolumeTexture2D.uasset" 10
"../../../Engine/Content/EngineResources/DefaultVolumeTexture2D.uexp" 11
"../../../Engine/Content/EngineResources/DefaultVolumeTexture.uasset" 12
"../../../Engine/Content/EngineResources/DefaultVolumeTexture.uexp" 13
"../../../Engine/Content/EditorResources/S_Trigger.ubulk" 14
"../../../Engine/Content/EditorResources/S_Trigger.uasset" 15
"../../../Engine/Content/EditorResources/S_Trigger.uexp" 16
"../../../Engine/Content/EditorResources/S_TriggerBox.uasset" 17
"../../../Engine/Content/EditorResources/S_TriggerBox.uexp" 18
"../../../Engine/Content/EditorResources/S_TriggerCapsule.uasset" 19
"../../../Engine/Content/EditorResources/S_TriggerCapsule.uexp" 20
"../../../Engine/Content/EditorResources/S_TriggerSphere.uasset" 21
"../../../Engine/Content/EditorResources/S_TriggerSphere.uexp" 22
"../../../Engine/Content/EngineMeshes/Sphere.uasset" 23
"../../../Engine/Content/EngineMeshes/Sphere.uexp" 24
"../../../Engine/Content/EngineResources/GradientTexture0.uasset" 25
"../../../Engine/Content/EngineResources/GradientTexture0.uexp" 26
"../../../Engine/Content/EngineResources/Black.uasset" 27
"../../../Engine/Content/EngineResources/Black.uexp" 28
"../../../Engine/Content/VREditor/LaserPointer/VR_LaserPower_01.ubulk" 29
"../../../Engine/Content/VREditor/LaserPointer/VR_LaserPower_01.uasset" 30
"../../../Engine/Content/VREditor/LaserPointer/VR_LaserPower_01.uexp" 31
"../../../Engine/Content/VREditor/TransformGizmo/TransformGizmoMaterial.uasset" 32
"../../../Engine/Content/VREditor/TransformGizmo/TransformGizmoMaterial.uexp" 33
"../../../Engine/Content/VREditor/TransformGizmo/TranslucentTransformGizmoMaterial.uasset" 34
"../../../Engine/Content/VREditor/TransformGizmo/TranslucentTransformGizmoMaterial.uexp" 35
"../../../Engine/Content/VREditor/TransformGizmo/PlaneTranslationHandle.uasset" 36
"../../../Engine/Content/VREditor/TransformGizmo/PlaneTranslationHandle.uexp" 37
"../../../Engine/Content/VREditor/TransformGizmo/BoundingBoxCorner.uasset" 38
"../../../Engine/Content/VREditor/TransformGizmo/BoundingBoxCorner.uexp" 39
"../../../Engine/Content/VREditor/TransformGizmo/BoundingBoxEdge.uasset" 40
"../../../Engine/Content/VREditor/TransformGizmo/BoundingBoxEdge.uexp" 41
"../../../Engine/Content/VREditor/TransformGizmo/Main.uasset" 42
"../../../Engine/Content/VREditor/TransformGizmo/Main.uexp" 43
"../../../Engine/Content/VREditor/TransformGizmo/Xray.uasset" 44
"../../../Engine/Content/VREditor/TransformGizmo/Xray.uexp" 45
"../../../Engine/Content/VREditor/TransformGizmo/SM_Sequencer_Node.uasset" 46
"../../../Engine/Content/VREditor/TransformGizmo/SM_Sequencer_Node.uexp" 47
"../../../Engine/Content/EditorMaterials/Camera/CineMat.uasset" 48
"../../../Engine/Content/EditorMaterials/Camera/CineMat.uexp" 49
"../../../Engine/Content/EditorMaterials/Camera/MI_CineMat_Rig.uasset" 50
"../../../Engine/Content/EditorMaterials/Camera/MI_CineMat_Rig.uexp" 51
"../../../Engine/Content/EditorMeshes/Camera/SM_CraneRig_Base.uasset" 52
"../../../Engine/Content/EditorMeshes/Camera/SM_CraneRig_Base.uexp" 53
"../../../Engine/Content/EditorMeshes/Camera/SM_CraneRig_Arm.uasset" 54
"../../../Engine/Content/EditorMeshes/Camera/SM_CraneRig_Arm.uexp" 55
"../../../Engine/Content/EditorMeshes/Camera/SM_CraneRig_Mount.uasset" 56
"../../../Engine/Content/EditorMeshes/Camera/SM_CraneRig_Mount.uexp" 57
"../../../Engine/Content/EditorMeshes/Camera/SM_CraneRig_Body.uasset" 58
"../../../Engine/Content/EditorMeshes/Camera/SM_CraneRig_Body.uexp" 59
"../../../Engine/Content/EditorMeshes/Camera/SM_RailRig_Track.uasset" 60
"../../../Engine/Content/EditorMeshes/Camera/SM_RailRig_Track.uexp" 61
"../../../Engine/Content/EditorMeshes/Camera/SM_RailRig_Mount.uasset" 62
"../../../Engine/Content/EditorMeshes/Camera/SM_RailRig_Mount.uexp" 63
"../../../Engine/Content/EngineMaterials/T_Default_Material_Grid_M.ubulk" 64
"../../../Engine/Content/EngineMaterials/T_Default_Material_Grid_M.uasset" 65
"../../../Engine/Content/EngineMaterials/T_Default_Material_Grid_M.uexp" 66
"../../../Engine/Content/EngineMaterials/T_Default_Material_Grid_N.ubulk" 67
"../../../Engine/Content/EngineMaterials/T_Default_Material_Grid_N.uasset" 68
"../../../Engine/Content/EngineMaterials/T_Default_Material_Grid_N.uexp" 69
"../../../Engine/Content/Functions/Engine_MaterialFunctions01/Opacity/CameraDepthFade.uasset" 70
"../../../Engine/Content/Functions/Engine_MaterialFunctions01/Opacity/CameraDepthFade.uexp" 71
"../../../Engine/Content/EngineMaterials/WorldGridMaterial.uasset" 72
"../../../Engine/Content/EngineMaterials/WorldGridMaterial.uexp" 73
"../../../Engine/Content/ArtTools/RenderToTexture/Meshes/S_1_Unit_Plane.uasset" 74
"../../../Engine/Content/ArtTools/RenderToTexture/Meshes/S_1_Unit_Plane.uexp" 75
"../../../Engine/Content/EditorMaterials/ParticleSystems/PSysThumbnail_NoImage.ubulk" 76
"../../../Engine/Content/EditorMaterials/ParticleSystems/PSysThumbnail_NoImage.uasset" 77
"../../../Engine/Content/EditorMaterials/ParticleSystems/PSysThumbnail_NoImage.uexp" 78
"../../../Engine/Content/EditorMaterials/ParticleSystems/PSysThumbnail_OOD.ubulk" 79
"../../../Engine/Content/EditorMaterials/ParticleSystems/PSysThumbnail_OOD.uasset" 80
"../../../Engine/Content/EditorMaterials/ParticleSystems/PSysThumbnail_OOD.uexp" 81
"../../../Engine/Content/EditorLandscapeResources/SplineEditorMeshMat.uasset" 82
"../../../Engine/Content/EditorLandscapeResources/SplineEditorMeshMat.uexp" 83
"../../../Engine/Content/EditorLandscapeResources/SplineEditorMesh.uasset" 84
"../../../Engine/Content/EditorLandscapeResources/SplineEditorMesh.uexp" 85
"../../../Engine/Content/EditorResources/S_Solver.ubulk" 86
"../../../Engine/Content/EditorResources/S_Solver.uasset" 87
"../../../Engine/Content/EditorResources/S_Solver.uexp" 88
"../../../Engine/Plugins/Media/MediaPlate/Content/SM_MediaPlateScreen.uasset" 89
"../../../Engine/Plugins/Media/MediaPlate/Content/SM_MediaPlateScreen.uexp" 90
"../../../Engine/Content/EngineMaterials/Good64x64TilingNoiseHighFreq.uasset" 91
"../../../Engine/Content/EngineMaterials/Good64x64TilingNoiseHighFreq.uexp" 92
"../../../Engine/Content/EngineMaterials/DefaultBokeh.uasset" 93
"../../../Engine/Content/EngineMaterials/DefaultBokeh.uexp" 94
"../../../Engine/Content/EngineMaterials/PreintegratedSkinBRDF.uasset" 95
"../../../Engine/Content/EngineMaterials/PreintegratedSkinBRDF.uexp" 96
"../../../Engine/Content/EngineMaterials/MiniFont.uasset" 97
"../../../Engine/Content/EngineMaterials/MiniFont.uexp" 98
"../../../Engine/Content/EngineMaterials/WeightMapPlaceholderTexture.uasset" 99
"../../../Engine/Content/EngineMaterials/WeightMapPlaceholderTexture.uexp" 100
"../../../Engine/Content/EngineMaterials/DefaultWhiteGrid.ubulk" 101
"../../../Engine/Content/EngineMaterials/DefaultWhiteGrid.uasset" 102
"../../../Engine/Content/EngineMaterials/DefaultWhiteGrid.uexp" 103
"../../../Engine/Content/Functions/Engine_MaterialFunctions02/WorldPositionOffset/CameraOffset.uasset" 104
"../../../Engine/Content/Functions/Engine_MaterialFunctions02/WorldPositionOffset/CameraOffset.uexp" 105
"../../../Engine/Plugins/Animation/ControlRig/Content/M_Manip.uasset" 106
"../../../Engine/Plugins/Animation/ControlRig/Content/M_Manip.uexp" 107
"../../../Engine/Plugins/2D/Paper2D/Content/PlaceholderTextures/DummySpriteTexture.ubulk" 108
"../../../Engine/Plugins/2D/Paper2D/Content/PlaceholderTextures/DummySpriteTexture.uasset" 109
"../../../Engine/Plugins/2D/Paper2D/Content/PlaceholderTextures/DummySpriteTexture.uexp" 110
"../../../Engine/Plugins/2D/Paper2D/Content/DefaultSpriteMaterial.uasset" 111
"../../../Engine/Plugins/2D/Paper2D/Content/DefaultSpriteMaterial.uexp" 112
"../../../Engine/Plugins/2D/Paper2D/Content/OpaqueUnlitSpriteMaterial.uasset" 113
"../../../Engine/Plugins/2D/Paper2D/Content/OpaqueUnlitSpriteMaterial.uexp" 114
"../../../Engine/Plugins/2D/Paper2D/Content/MaskedUnlitSpriteMaterial.uasset" 115
"../../../Engine/Plugins/2D/Paper2D/Content/MaskedUnlitSpriteMaterial.uexp" 116
"../../../Engine/Plugins/2D/Paper2D/Content/DummySprite.uasset" 117
"../../../Engine/Plugins/2D/Paper2D/Content/DummySprite.uexp" 118
"../../../Engine/Plugins/2D/Paper2D/Content/DefaultPaperTerrainMaterial.uasset" 119
"../../../Engine/Plugins/2D/Paper2D/Content/DefaultPaperTerrainMaterial.uexp" 120
"../../../Engine/Content/Animation/DefaultRecorderBoneCompression.uasset" 121
"../../../Engine/Content/Animation/DefaultRecorderBoneCompression.uexp" 122
"../../../Engine/Content/Animation/DefaultAnimCurveCompressionSettings.uasset" 123
"../../../Engine/Content/Animation/DefaultAnimCurveCompressionSettings.uexp" 124
"../../../Engine/Content/Animation/DefaultAnimBoneCompressionSettings.uasset" 125
"../../../Engine/Content/Animation/DefaultAnimBoneCompressionSettings.uexp" 126
"../../../Engine/Content/EngineMaterials/DefaultMaterial.uasset" 127
"../../../Engine/Content/EngineMaterials/DefaultMaterial.uexp" 128
"../../../Engine/Content/BasicShapes/Sphere.uasset" 129
"../../../Engine/Content/BasicShapes/Sphere.uexp" 130
"../../../Engine/Content/BasicShapes/Plane.uasset" 131
"../../../Engine/Content/BasicShapes/Plane.uexp" 132
"../../../Engine/Content/BasicShapes/Cylinder.uasset" 133
"../../../Engine/Content/BasicShapes/Cylinder.uexp" 134
"../../../Engine/Content/BasicShapes/Cube.uasset" 135
"../../../Engine/Content/BasicShapes/Cube.uexp" 136
"../../../Engine/Content/EditorResources/S_Terrain.ubulk" 137
"../../../Engine/Content/EditorResources/S_Terrain.uasset" 138
"../../../Engine/Content/EditorResources/S_Terrain.uexp" 139
"../../../Engine/Content/EngineResources/WhiteSquareTexture.uasset" 140
"../../../Engine/Content/EngineResources/WhiteSquareTexture.uexp" 141
"../../../Engine/Content/EngineMaterials/Widget3DPassThrough.uasset" 142
"../../../Engine/Content/EngineMaterials/Widget3DPassThrough.uexp" 143
"../../../Engine/Content/EngineMaterials/Widget3DPassThrough_Translucent.uasset" 144
"../../../Engine/Content/EngineMaterials/Widget3DPassThrough_Translucent.uexp" 145
"../../../Engine/Content/EngineMaterials/Widget3DPassThrough_Translucent_OneSided.uasset" 146
"../../../Engine/Content/EngineMaterials/Widget3DPassThrough_Translucent_OneSided.uexp" 147
"../../../Engine/Content/EngineMaterials/Widget3DPassThrough_Opaque.uasset" 148
"../../../Engine/Content/EngineMaterials/Widget3DPassThrough_Opaque.uexp" 149
"../../../Engine/Content/EngineMaterials/Widget3DPassThrough_Opaque_OneSided.uasset" 150
"../../../Engine/Content/EngineMaterials/Widget3DPassThrough_Opaque_OneSided.uexp" 151
"../../../Engine/Content/EngineMaterials/Widget3DPassThrough_Masked_OneSided.uasset" 152
"../../../Engine/Content/EngineMaterials/Widget3DPassThrough_Masked_OneSided.uexp" 153
"../../../Engine/Content/EngineMaterials/Widget3DPassThrough_Masked.uasset" 154
"../../../Engine/Content/EngineMaterials/Widget3DPassThrough_Masked.uexp" 155
"../../../Engine/Plugins/Editor/SpeedTreeImporter/Content/SpeedTree9/game_wind_noise.ubulk" 156
"../../../Engine/Plugins/Editor/SpeedTreeImporter/Content/SpeedTree9/game_wind_noise.uasset" 157
"../../../Engine/Plugins/Editor/SpeedTreeImporter/Content/SpeedTree9/game_wind_noise.uexp" 158
"../../../Engine/Plugins/Editor/SpeedTreeImporter/Content/SpeedTree9/UnpackDirection.uasset" 159
"../../../Engine/Plugins/Editor/SpeedTreeImporter/Content/SpeedTree9/UnpackDirection.uexp" 160
"../../../Engine/Content/Functions/Engine_MaterialFunctions02/ObjectLocalBounds.uasset" 161
"../../../Engine/Content/Functions/Engine_MaterialFunctions02/ObjectLocalBounds.uexp" 162
"../../../Engine/Content/Functions/Engine_MaterialFunctions02/Utility/BreakOutFloat3Components.uasset" 163
"../../../Engine/Content/Functions/Engine_MaterialFunctions02/Utility/BreakOutFloat3Components.uexp" 164
"../../../Engine/Content/Functions/Engine_MaterialFunctions02/UVs/BoundingBoxBased_0-1_UVW.uasset" 165
"../../../Engine/Content/Functions/Engine_MaterialFunctions02/UVs/BoundingBoxBased_0-1_UVW.uexp" 166
"../../../Engine/Content/Functions/Engine_MaterialFunctions02/Utility/VectorLength.uasset" 167
"../../../Engine/Content/Functions/Engine_MaterialFunctions02/Utility/VectorLength.uexp" 168
"../../../Engine/Plugins/Editor/SpeedTreeImporter/Content/SpeedTree9/UnpackInteger3.uasset" 169
"../../../Engine/Plugins/Editor/SpeedTreeImporter/Content/SpeedTree9/UnpackInteger3.uexp" 170
"../../../Engine/Plugins/Editor/SpeedTreeImporter/Content/SpeedTree9/SpeedTreeCameraFacing.uasset" 171
"../../../Engine/Plugins/Editor/SpeedTreeImporter/Content/SpeedTree9/SpeedTreeCameraFacing.uexp" 172
"../../../Engine/Content/Functions/Engine_MaterialFunctions02/WorldPositionOffset/ObjectScale.uasset" 173
"../../../Engine/Content/Functions/Engine_MaterialFunctions02/WorldPositionOffset/ObjectScale.uexp" 174
"../../../Engine/Content/Functions/Engine_MaterialFunctions02/SafeNormalize.uasset" 175
"../../../Engine/Content/Functions/Engine_MaterialFunctions02/SafeNormalize.uexp" 176
"../../../Engine/Plugins/Editor/SpeedTreeImporter/Content/SpeedTree9/SpeedTreeWindMotion.uasset" 177
"../../../Engine/Plugins/Editor/SpeedTreeImporter/Content/SpeedTree9/SpeedTreeWindMotion.uexp" 178
"../../../Engine/Plugins/Editor/SpeedTreeImporter/Content/SpeedTree9/SpeedTreeBranchMotion.uasset" 179
"../../../Engine/Plugins/Editor/SpeedTreeImporter/Content/SpeedTree9/SpeedTreeBranchMotion.uexp" 180
"../../../Engine/Plugins/Editor/SpeedTreeImporter/Content/SpeedTree9/SpeedTreeWind.uasset" 181
"../../../Engine/Plugins/Editor/SpeedTreeImporter/Content/SpeedTree9/SpeedTreeWind.uexp" 182
"../../../Engine/Plugins/Editor/SpeedTreeImporter/Content/SpeedTree9/EmptyNormal.uasset" 183
"../../../Engine/Plugins/Editor/SpeedTreeImporter/Content/SpeedTree9/EmptyNormal.uexp" 184
"../../../Engine/Plugins/Editor/SpeedTreeImporter/Content/SpeedTree9/Empty.uasset" 185
"../../../Engine/Plugins/Editor/SpeedTreeImporter/Content/SpeedTree9/Empty.uexp" 186
"../../../Engine/Plugins/Editor/SpeedTreeImporter/Content/SpeedTree9/SpeedTreeMaster.uasset" 187
"../../../Engine/Plugins/Editor/SpeedTreeImporter/Content/SpeedTree9/SpeedTreeMaster.uexp" 188
"../../../Engine/Plugins/Editor/SpeedTreeImporter/Content/SpeedTree9/SpeedTreeBillboard.uasset" 189
"../../../Engine/Plugins/Editor/SpeedTreeImporter/Content/SpeedTree9/SpeedTreeBillboard.uexp" 190
"../../../Engine/Plugins/Editor/SpeedTreeImporter/Content/SpeedTree9/SpeedTreeBillboardMaster.uasset" 191
"../../../Engine/Plugins/Editor/SpeedTreeImporter/Content/SpeedTree9/SpeedTreeBillboardMaster.uexp" 192
"../../../Engine/Plugins/Animation/ControlRig/Content/Controls/DefaultGizmoLibraryNormalized.uasset" 193
"../../../Engine/Plugins/Animation/ControlRig/Content/Controls/DefaultGizmoLibraryNormalized.uexp" 194
"../../../Engine/Plugins/Animation/ControlRig/Content/Controls/ControlRig_Wedge_solid.uasset" 195
"../../../Engine/Plugins/Animation/ControlRig/Content/Controls/ControlRig_Wedge_solid.uexp" 196
"../../../Engine/Plugins/Animation/ControlRig/Content/Controls/ControlRig_Wedge_3mm.uasset" 197
"../../../Engine/Plugins/Animation/ControlRig/Content/Controls/ControlRig_Wedge_3mm.uexp" 198
"../../../Engine/Plugins/Animation/ControlRig/Content/Controls/ControlRig_Wedge_1mm.uasset" 199
"../../../Engine/Plugins/Animation/ControlRig/Content/Controls/ControlRig_Wedge_1mm.uexp" 200
"../../../Engine/Plugins/Animation/ControlRig/Content/Controls/ControlRig_Triangle_solid.uasset" 201
"../../../Engine/Plugins/Animation/ControlRig/Content/Controls/ControlRig_Triangle_solid.uexp" 202
"../../../Engine/Plugins/Animation/ControlRig/Content/Controls/ControlRig_Triangle_3mm.uasset" 203
"../../../Engine/Plugins/Animation/ControlRig/Content/Controls/ControlRig_Triangle_3mm.uexp" 204
"../../../Engine/Plugins/Animation/ControlRig/Content/Controls/ControlRig_Triangle_1mm.uasset" 205
"../../../Engine/Plugins/Animation/ControlRig/Content/Controls/ControlRig_Triangle_1mm.uexp" 206
"../../../Engine/Plugins/Animation/ControlRig/Content/Controls/ControlRig_Star4_solid.uasset" 207
"../../../Engine/Plugins/Animation/ControlRig/Content/Controls/ControlRig_Star4_solid.uexp" 208
"../../../Engine/Plugins/Animation/ControlRig/Content/Controls/ControlRig_Star4_3mm.uasset" 209
"../../../Engine/Plugins/Animation/ControlRig/Content/Controls/ControlRig_Star4_3mm.uexp" 210
"../../../Engine/Plugins/Animation/ControlRig/Content/Controls/ControlRig_Star4_1mm.uasset" 211
"../../../Engine/Plugins/Animation/ControlRig/Content/Controls/ControlRig_Star4_1mm.uexp" 212
"../../../Engine/Plugins/Animation/ControlRig/Content/Controls/ControlRig_Square_solid.uasset" 213
"../../../Engine/Plugins/Animation/ControlRig/Content/Controls/ControlRig_Square_solid.uexp" 214
"../../../Engine/Plugins/Animation/ControlRig/Content/Controls/ControlRig_Square_3mm.uasset" 215
"../../../Engine/Plugins/Animation/ControlRig/Content/Controls/ControlRig_Square_3mm.uexp" 216
"../../../Engine/Plugins/Animation/ControlRig/Content/Controls/ControlRig_Square_1mm.uasset" 217
"../../../Engine/Plugins/Animation/ControlRig/Content/Controls/ControlRig_Square_1mm.uexp" 218
"../../../Engine/Plugins/Animation/ControlRig/Content/Controls/ControlRig_Sphere_solid.uasset" 219
"../../../Engine/Plugins/Animation/ControlRig/Content/Controls/ControlRig_Sphere_solid.uexp" 220
"../../../Engine/Plugins/Interchange/Runtime/Content/Pipelines/DefaultTexturePipeline.uasset" 221
"../../../Engine/Plugins/Interchange/Runtime/Content/Pipelines/DefaultTexturePipeline.uexp" 222
"../../../Engine/Plugins/Interchange/Runtime/Content/Pipelines/DefaultSceneLevelPipeline.uasset" 223
"../../../Engine/Plugins/Interchange/Runtime/Content/Pipelines/DefaultSceneLevelPipeline.uexp" 224
"../../../Engine/Plugins/Interchange/Runtime/Content/Pipelines/DefaultSceneAssetsPipeline.uasset" 225
"../../../Engine/Plugins/Interchange/Runtime/Content/Pipelines/DefaultSceneAssetsPipeline.uexp" 226
"../../../Engine/Plugins/Interchange/Runtime/Content/Pipelines/DefaultMaterialPipeline.uasset" 227
"../../../Engine/Plugins/Interchange/Runtime/Content/Pipelines/DefaultMaterialPipeline.uexp" 228
"../../../Engine/Plugins/Interchange/Runtime/Content/Pipelines/DefaultAssetsPipeline.uasset" 229
"../../../Engine/Plugins/Interchange/Runtime/Content/Pipelines/DefaultAssetsPipeline.uexp" 230
"../../../Engine/Plugins/Runtime/MeshModelingToolset/Content/Materials/M_DynamicMeshComponentVtxColor.uasset" 231
"../../../Engine/Plugins/Runtime/MeshModelingToolset/Content/Materials/M_DynamicMeshComponentVtxColor.uexp" 232
"../../../Engine/Plugins/Animation/ControlRig/Content/Controls/ControlRig_Sphere_3mm.uasset" 233
"../../../Engine/Plugins/Animation/ControlRig/Content/Controls/ControlRig_Sphere_3mm.uexp" 234
"../../../Engine/Plugins/Animation/ControlRig/Content/Controls/ControlRig_Sphere_1mm.uasset" 235
"../../../Engine/Plugins/Animation/ControlRig/Content/Controls/ControlRig_Sphere_1mm.uexp" 236
"../../../Engine/Plugins/Animation/ControlRig/Content/Controls/ControlRig_RoundedTriangle_solid.uasset" 237
"../../../Engine/Plugins/Animation/ControlRig/Content/Controls/ControlRig_RoundedTriangle_solid.uexp" 238
"../../../Engine/Plugins/Animation/ControlRig/Content/Controls/ControlRig_RoundedTriangle_3mm.uasset" 239
"../../../Engine/Plugins/Animation/ControlRig/Content/Controls/ControlRig_RoundedTriangle_3mm.uexp" 240
"../../../Engine/Plugins/Animation/ControlRig/Content/Controls/ControlRig_RoundedTriangle_1mm.uasset" 241
"../../../Engine/Plugins/Animation/ControlRig/Content/Controls/ControlRig_RoundedTriangle_1mm.uexp" 242
"../../../Engine/Plugins/Animation/ControlRig/Content/Controls/ControlRig_RoundedSquare_solid.uasset" 243
"../../../Engine/Plugins/Animation/ControlRig/Content/Controls/ControlRig_RoundedSquare_solid.uexp" 244
"../../../Engine/Plugins/Animation/ControlRig/Content/Controls/ControlRig_RoundedSquare_3mm.uasset" 245
"../../../Engine/Plugins/Animation/ControlRig/Content/Controls/ControlRig_RoundedSquare_3mm.uexp" 246
"../../../Engine/Plugins/Animation/ControlRig/Content/Controls/ControlRig_RoundedSquare_1mm.uasset" 247
"../../../Engine/Plugins/Animation/ControlRig/Content/Controls/ControlRig_RoundedSquare_1mm.uexp" 248
"../../../Engine/Plugins/Animation/ControlRig/Content/Controls/ControlRig_QuarterCircle_solid.uasset" 249
"../../../Engine/Plugins/Animation/ControlRig/Content/Controls/ControlRig_QuarterCircle_solid.uexp" 250
"../../../Engine/Plugins/Animation/ControlRig/Content/Controls/ControlRig_QuarterCircle_3mm.uasset" 251
"../../../Engine/Plugins/Animation/ControlRig/Content/Controls/ControlRig_QuarterCircle_3mm.uexp" 252
"../../../Engine/Plugins/Animation/ControlRig/Content/Controls/ControlRig_QuarterCircle_1mm.uasset" 253
"../../../Engine/Plugins/Animation/ControlRig/Content/Controls/ControlRig_QuarterCircle_1mm.uexp" 254
"../../../Engine/Plugins/Animation/ControlRig/Content/Controls/ControlRig_Pyramid_solid.uasset" 255
"../../../Engine/Plugins/Animation/ControlRig/Content/Controls/ControlRig_Pyramid_solid.uexp" 256
"../../../Engine/Plugins/Animation/ControlRig/Content/Controls/ControlRig_Pyramid_3mm.uasset" 257
"../../../Engine/Plugins/Animation/ControlRig/Content/Controls/ControlRig_Pyramid_3mm.uexp" 258
"../../../Engine/Plugins/Animation/ControlRig/Content/Controls/ControlRig_Pyramid_1mm.uasset" 259
"../../../Engine/Plugins/Animation/ControlRig/Content/Controls/ControlRig_Pyramid_1mm.uexp" 260
"../../../Engine/Plugins/Animation/ControlRig/Content/Controls/ControlRig_Octagon_solid.uasset" 261
"../../../Engine/Plugins/Animation/ControlRig/Content/Controls/ControlRig_Octagon_solid.uexp" 262
"../../../Engine/Plugins/Animation/ControlRig/Content/Controls/ControlRig_Octagon_3mm.uasset" 263
"../../../Engine/Plugins/Animation/ControlRig/Content/Controls/ControlRig_Octagon_3mm.uexp" 264
"../../../Engine/Plugins/Animation/ControlRig/Content/Controls/ControlRig_Octagon_1mm.uasset" 265
"../../../Engine/Plugins/Animation/ControlRig/Content/Controls/ControlRig_Octagon_1mm.uexp" 266
"../../../Engine/Plugins/Animation/ControlRig/Content/Controls/ControlRig_Hexagon_solid.uasset" 267
"../../../Engine/Plugins/Animation/ControlRig/Content/Controls/ControlRig_Hexagon_solid.uexp" 268
"../../../Engine/Plugins/Animation/ControlRig/Content/Controls/ControlRig_Hexagon_3mm.uasset" 269
"../../../Engine/Plugins/Animation/ControlRig/Content/Controls/ControlRig_Hexagon_3mm.uexp" 270
"../../../Engine/Plugins/Animation/ControlRig/Content/Controls/ControlRig_Hexagon_1mm.uasset" 271
"../../../Engine/Plugins/Animation/ControlRig/Content/Controls/ControlRig_Hexagon_1mm.uexp" 272
"../../../Engine/Plugins/Animation/ControlRig/Content/Controls/ControlRig_HalfCircle_solid.uasset" 273
"../../../Engine/Plugins/Animation/ControlRig/Content/Controls/ControlRig_HalfCircle_solid.uexp" 274
"../../../Engine/Plugins/Animation/ControlRig/Content/Controls/ControlRig_HalfCircle_3mm.uasset" 275
"../../../Engine/Plugins/Animation/ControlRig/Content/Controls/ControlRig_HalfCircle_3mm.uexp" 276
"../../../Engine/Plugins/Animation/ControlRig/Content/Controls/ControlRig_HalfCircle_1mm.uasset" 277
"../../../Engine/Plugins/Animation/ControlRig/Content/Controls/ControlRig_HalfCircle_1mm.uexp" 278
"../../../Engine/Plugins/Animation/ControlRig/Content/Controls/ControlRig_Diamond_solid.uasset" 279
"../../../Engine/Plugins/Animation/ControlRig/Content/Controls/ControlRig_Diamond_solid.uexp" 280
"../../../Engine/Plugins/Animation/ControlRig/Content/Controls/ControlRig_Diamond_3mm.uasset" 281
"../../../Engine/Plugins/Animation/ControlRig/Content/Controls/ControlRig_Diamond_3mm.uexp" 282
"../../../Engine/Plugins/Animation/ControlRig/Content/Controls/ControlRig_Diamond_1mm.uasset" 283
"../../../Engine/Plugins/Animation/ControlRig/Content/Controls/ControlRig_Diamond_1mm.uexp" 284
"../../../Engine/Plugins/Animation/ControlRig/Content/Controls/ControlRig_Circle_solid.uasset" 285
"../../../Engine/Plugins/Animation/ControlRig/Content/Controls/ControlRig_Circle_solid.uexp" 286
"../../../Engine/Plugins/Animation/ControlRig/Content/Controls/ControlRig_Circle_3mm.uasset" 287
"../../../Engine/Plugins/Animation/ControlRig/Content/Controls/ControlRig_Circle_3mm.uexp" 288
"../../../Engine/Plugins/Animation/ControlRig/Content/Controls/ControlRig_Circle_1mm.uasset" 289
"../../../Engine/Plugins/Animation/ControlRig/Content/Controls/ControlRig_Circle_1mm.uexp" 290
"../../../Engine/Plugins/Animation/ControlRig/Content/Controls/ControlRig_Box_solid.uasset" 291
"../../../Engine/Plugins/Animation/ControlRig/Content/Controls/ControlRig_Box_solid.uexp" 292
"../../../Engine/Plugins/Animation/ControlRig/Content/Controls/ControlRig_Box_3mm.uasset" 293
"../../../Engine/Plugins/Animation/ControlRig/Content/Controls/ControlRig_Box_3mm.uexp" 294
"../../../Engine/Plugins/Animation/ControlRig/Content/Controls/ControlRig_Box_1mm.uasset" 295
"../../../Engine/Plugins/Animation/ControlRig/Content/Controls/ControlRig_Box_1mm.uexp" 296
"../../../Engine/Plugins/Animation/ControlRig/Content/Controls/ControlRig_Arrow_solid.uasset" 297
"../../../Engine/Plugins/Animation/ControlRig/Content/Controls/ControlRig_Arrow_solid.uexp" 298
"../../../Engine/Plugins/Animation/ControlRig/Content/Controls/ControlRig_Arrow_3mm.uasset" 299
"../../../Engine/Plugins/Animation/ControlRig/Content/Controls/ControlRig_Arrow_3mm.uexp" 300
"../../../Engine/Plugins/Animation/ControlRig/Content/Controls/ControlRig_Arrow_1mm.uasset" 301
"../../../Engine/Plugins/Animation/ControlRig/Content/Controls/ControlRig_Arrow_1mm.uexp" 302
"../../../Engine/Plugins/Animation/ControlRig/Content/Controls/ControlRig_Arrow4_solid.uasset" 303
"../../../Engine/Plugins/Animation/ControlRig/Content/Controls/ControlRig_Arrow4_solid.uexp" 304
"../../../Engine/Plugins/Animation/ControlRig/Content/Controls/ControlRig_Arrow4_3mm.uasset" 305
"../../../Engine/Plugins/Animation/ControlRig/Content/Controls/ControlRig_Arrow4_3mm.uexp" 306
"../../../Engine/Plugins/Animation/ControlRig/Content/Controls/ControlRig_Arrow4_1mm.uasset" 307
"../../../Engine/Plugins/Animation/ControlRig/Content/Controls/ControlRig_Arrow4_1mm.uexp" 308
"../../../Engine/Plugins/Animation/ControlRig/Content/Controls/ControlRig_Arrow2_solid.uasset" 309
"../../../Engine/Plugins/Animation/ControlRig/Content/Controls/ControlRig_Arrow2_solid.uexp" 310
"../../../Engine/Plugins/Animation/ControlRig/Content/Controls/ControlRig_Arrow2_3mm.uasset" 311
"../../../Engine/Plugins/Animation/ControlRig/Content/Controls/ControlRig_Arrow2_3mm.uexp" 312
"../../../Engine/Plugins/Animation/ControlRig/Content/Controls/ControlRig_Arrow2_1mm.uasset" 313
"../../../Engine/Plugins/Animation/ControlRig/Content/Controls/ControlRig_Arrow2_1mm.uexp" 314
"../../../Engine/Plugins/Animation/ControlRig/Content/Controls/ControlRigXRayMaterial.uasset" 315
"../../../Engine/Plugins/Animation/ControlRig/Content/Controls/ControlRigXRayMaterial.uexp" 316
"../../../Engine/Plugins/Animation/ControlRig/Content/Controls/ControlRigGizmoMaterial.uasset" 317
"../../../Engine/Plugins/Animation/ControlRig/Content/Controls/ControlRigGizmoMaterial.uexp" 318
"../../../Engine/Content/EngineSounds/Master.uasset" 319
"../../../Engine/Content/EngineSounds/Master.uexp" 320
"../../../Engine/Content/EngineSky/T_Sky_Stars.ubulk" 321
"../../../Engine/Content/EngineSky/T_Sky_Stars.uasset" 322
"../../../Engine/Content/EngineSky/T_Sky_Stars.uexp" 323
"../../../Engine/Content/EngineSky/T_Sky_Clouds_M.ubulk" 324
"../../../Engine/Content/EngineSky/T_Sky_Clouds_M.uasset" 325
"../../../Engine/Content/EngineSky/T_Sky_Clouds_M.uexp" 326
"../../../Engine/Content/EngineSky/T_Sky_Blue.ubulk" 327
"../../../Engine/Content/EngineSky/T_Sky_Blue.uasset" 328
"../../../Engine/Content/EngineSky/T_Sky_Blue.uexp" 329
"../../../Engine/Content/EngineSky/M_Sky_Panning_Clouds2.uasset" 330
"../../../Engine/Content/EngineSky/M_Sky_Panning_Clouds2.uexp" 331
"../../../Engine/Content/EngineSky/SM_SkySphere.uasset" 332
"../../../Engine/Content/EngineSky/SM_SkySphere.uexp" 333
"../../../Engine/Content/EngineSky/M_SimpleSkyDome.uasset" 334
"../../../Engine/Content/EngineSky/M_SimpleSkyDome.uexp" 335
"../../../Engine/Content/EngineMaterials/STBlueNoise_vec2_128x128x64.uasset" 336
"../../../Engine/Content/EngineMaterials/STBlueNoise_vec2_128x128x64.uexp" 337
"../../../Engine/Content/EngineMaterials/STBlueNoise_scalar_128x128x64.uasset" 338
"../../../Engine/Content/EngineMaterials/STBlueNoise_scalar_128x128x64.uexp" 339
"../../../Engine/Content/EngineMaterials/RemoveSurfaceMaterial.uasset" 340
"../../../Engine/Content/EngineMaterials/RemoveSurfaceMaterial.uexp" 341
"../../../Engine/Content/EngineMaterials/DefaultCalibrationGrayscale.uasset" 342
"../../../Engine/Content/EngineMaterials/DefaultCalibrationGrayscale.uexp" 343
"../../../Engine/Content/EngineMaterials/PPM_DefaultCalibrationGrayscale.uasset" 344
"../../../Engine/Content/EngineMaterials/PPM_DefaultCalibrationGrayscale.uexp" 345
"../../../Engine/Content/EngineMaterials/DefaultCalibrationColor.uasset" 346
"../../../Engine/Content/EngineMaterials/DefaultCalibrationColor.uexp" 347
"../../../Engine/Content/EngineMaterials/PPM_DefaultCalibrationColor.uasset" 348
"../../../Engine/Content/EngineMaterials/PPM_DefaultCalibrationColor.uexp" 349
"../../../Engine/Content/EngineMaterials/PhAT_JointLimitMaterial.uasset" 350
"../../../Engine/Content/EngineMaterials/PhAT_JointLimitMaterial.uexp" 351
"../../../Engine/Content/EngineMaterials/NaniteHiddenSectionMaterial.uasset" 352
"../../../Engine/Content/EngineMaterials/NaniteHiddenSectionMaterial.uexp" 353
"../../../Engine/Content/EngineMaterials/InvalidLightmapSettings.ubulk" 354
"../../../Engine/Content/EngineMaterials/InvalidLightmapSettings.uasset" 355
"../../../Engine/Content/EngineMaterials/InvalidLightmapSettings.uexp" 356
"../../../Engine/Content/EngineMaterials/M_InvalidLightmapSettings.uasset" 357
"../../../Engine/Content/EngineMaterials/M_InvalidLightmapSettings.uexp" 358
"../../../Engine/Content/EngineMaterials/GizmoMaterial.uasset" 359
"../../../Engine/Content/EngineMaterials/GizmoMaterial.uexp" 360
"../../../Engine/Content/EngineMaterials/BaseFlattenEmissiveMap_VT.uasset" 361
"../../../Engine/Content/EngineMaterials/BaseFlattenEmissiveMap_VT.uexp" 362
"../../../Engine/Content/EngineMaterials/BaseFlattenGrayscaleMap_VT.uasset" 363
"../../../Engine/Content/EngineMaterials/BaseFlattenGrayscaleMap_VT.uexp" 364
"../../../Engine/Content/EngineMaterials/BaseFlattenLinearColor_VT.uasset" 365
"../../../Engine/Content/EngineMaterials/BaseFlattenLinearColor_VT.uexp" 366
"../../../Engine/Content/EngineMaterials/Black_1x1_EXR_Texture_VT.uasset" 367
"../../../Engine/Content/EngineMaterials/Black_1x1_EXR_Texture_VT.uexp" 368
"../../../Engine/Content/EngineMaterials/BaseFlattenDiffuseMap_VT.uasset" 369
"../../../Engine/Content/EngineMaterials/BaseFlattenDiffuseMap_VT.uexp" 370
"../../../Engine/Content/EngineMaterials/BaseFlattenNormalMap_VT.uasset" 371
"../../../Engine/Content/EngineMaterials/BaseFlattenNormalMap_VT.uexp" 372
"../../../Engine/Content/EngineMaterials/FlattenMaterial_WS_Normal_VT.uasset" 373
"../../../Engine/Content/EngineMaterials/FlattenMaterial_WS_Normal_VT.uexp" 374
"../../../Engine/Content/EngineMaterials/FlattenMaterial_VT.uasset" 375
"../../../Engine/Content/EngineMaterials/FlattenMaterial_VT.uexp" 376
"../../../Engine/Content/EngineMaterials/BaseFlattenNormalMap.uasset" 377
"../../../Engine/Content/EngineMaterials/BaseFlattenNormalMap.uexp" 378
"../../../Engine/Content/EngineMaterials/BaseFlattenGrayscaleMap.uasset" 379
"../../../Engine/Content/EngineMaterials/BaseFlattenGrayscaleMap.uexp" 380
"../../../Engine/Content/EngineMaterials/BaseFlattenDiffuseMap.uasset" 381
"../../../Engine/Content/EngineMaterials/BaseFlattenDiffuseMap.uexp" 382
"../../../Engine/Content/Functions/Engine_MaterialFunctions02/PivotPainter2/Black_1x1_EXR_Texture.uasset" 383
"../../../Engine/Content/Functions/Engine_MaterialFunctions02/PivotPainter2/Black_1x1_EXR_Texture.uexp" 384
"../../../Engine/Content/EngineMaterials/BaseFlattenEmissiveMap.uasset" 385
"../../../Engine/Content/EngineMaterials/BaseFlattenEmissiveMap.uexp" 386
"../../../Engine/Content/EngineMaterials/BaseFlattenLinearColor.uasset" 387
"../../../Engine/Content/EngineMaterials/BaseFlattenLinearColor.uexp" 388
"../../../Engine/Content/EngineMaterials/FlattenMaterial.uasset" 389
"../../../Engine/Content/EngineMaterials/FlattenMaterial.uexp" 390
"../../../Engine/Content/EngineMaterials/DefaultWhiteGrid_Low.uasset" 391
"../../../Engine/Content/EngineMaterials/DefaultWhiteGrid_Low.uexp" 392
"../../../Engine/Content/EngineMaterials/EmissiveMeshMaterial.uasset" 393
"../../../Engine/Content/EngineMaterials/EmissiveMeshMaterial.uexp" 394
"../../../Engine/Content/EngineFonts/RobotoDistanceField.uasset" 395
"../../../Engine/Content/EngineFonts/RobotoDistanceField.uexp" 396
"../../../Engine/Content/EngineMaterials/DefaultTextMaterialOpaque.uasset" 397
"../../../Engine/Content/EngineMaterials/DefaultTextMaterialOpaque.uexp" 398
"../../../Engine/Content/EngineMaterials/DefaultDiffuse.ubulk" 399
"../../../Engine/Content/EngineMaterials/DefaultDiffuse.uasset" 400
"../../../Engine/Content/EngineMaterials/DefaultDiffuse.uexp" 401
"../../../Engine/Content/Functions/Engine_MaterialFunctions02/Utility/BreakOutFloat2Components.uasset" 402
"../../../Engine/Content/Functions/Engine_MaterialFunctions02/Utility/BreakOutFloat2Components.uexp" 403
"../../../Engine/Content/EngineMaterials/DefaultPostProcessMaterial.uasset" 404
"../../../Engine/Content/EngineMaterials/DefaultPostProcessMaterial.uexp" 405
"../../../Engine/Content/EngineMaterials/DefaultPhysicalMaterial.uasset" 406
"../../../Engine/Content/EngineMaterials/DefaultPhysicalMaterial.uexp" 407
"../../../Engine/Content/EngineMaterials/DefaultLightFunctionMaterial.uasset" 408
"../../../Engine/Content/EngineMaterials/DefaultLightFunctionMaterial.uexp" 409
"../../../Engine/Content/EngineMaterials/DefaultDestructiblePhysicalMaterial.uasset" 410
"../../../Engine/Content/EngineMaterials/DefaultDestructiblePhysicalMaterial.uexp" 411
"../../../Engine/Content/EngineMaterials/DefaultDeferredDecalMaterial.uasset" 412
"../../../Engine/Content/EngineMaterials/DefaultDeferredDecalMaterial.uexp" 413
"../../../Engine/Content/EngineMaterials/DefaultBloomKernel.uasset" 414
"../../../Engine/Content/EngineMaterials/DefaultBloomKernel.uexp" 415
"../../../Engine/Content/EngineFonts/Faces/RobotoLight.uexp" 416
"../../../Engine/Content/EngineFonts/Faces/RobotoLight.uasset" 417
"../../../Engine/Content/EngineFonts/Faces/RobotoLight.ufont" 418
"../../../Engine/Content/EngineFonts/Faces/RobotoBold.uexp" 419
"../../../Engine/Content/EngineFonts/Faces/RobotoBold.uasset" 420
"../../../Engine/Content/EngineFonts/Faces/RobotoBold.ufont" 421
"../../../Engine/Content/EngineFonts/Faces/RobotoRegular.uexp" 422
"../../../Engine/Content/EngineFonts/Faces/RobotoRegular.uasset" 423
"../../../Engine/Content/EngineFonts/Faces/RobotoRegular.ufont" 424
"../../../Engine/Content/EngineFonts/Faces/DroidSansFallback.uexp" 425
"../../../Engine/Content/EngineFonts/Faces/DroidSansFallback.uasset" 426
"../../../Engine/Content/EngineFonts/Faces/DroidSansFallback.ufont" 427
"../../../Engine/Content/EngineFonts/Faces/RobotoItalic.uexp" 428
"../../../Engine/Content/EngineFonts/Faces/RobotoItalic.uasset" 429
"../../../Engine/Content/EngineFonts/Faces/RobotoItalic.ufont" 430
"../../../Engine/Content/EngineFonts/Faces/RobotoBoldItalic.uexp" 431
"../../../Engine/Content/EngineFonts/Faces/RobotoBoldItalic.uasset" 432
"../../../Engine/Content/EngineFonts/Faces/RobotoBoldItalic.ufont" 433
"../../../Engine/Content/EngineFonts/Roboto.uasset" 434
"../../../Engine/Content/EngineFonts/Roboto.uexp" 435
"../../../Engine/Content/Functions/Engine_MaterialFunctions02/Utility/CameraDirectionVector.uasset" 436
"../../../Engine/Content/Functions/Engine_MaterialFunctions02/Utility/CameraDirectionVector.uexp" 437
"../../../Engine/Content/EngineDebugMaterials/VolumeToRender.uasset" 438
"../../../Engine/Content/EngineDebugMaterials/VolumeToRender.uexp" 439
"../../../Engine/Content/EngineDebugMaterials/M_VolumeRenderSphereTracePP.uasset" 440
"../../../Engine/Content/EngineDebugMaterials/M_VolumeRenderSphereTracePP.uexp" 441
"../../../Engine/Content/EngineDebugMaterials/M_SimpleUnlitTranslucent.uasset" 442
"../../../Engine/Content/EngineDebugMaterials/M_SimpleUnlitTranslucent.uexp" 443
"../../../Engine/Content/EngineDebugMaterials/DebugMeshMaterial.uasset" 444
"../../../Engine/Content/EngineDebugMaterials/DebugMeshMaterial.uexp" 445
"../../../Engine/Content/EngineDebugMaterials/DebugEditorMaterial.uasset" 446
"../../../Engine/Content/EngineDebugMaterials/DebugEditorMaterial.uexp" 447
"../../../Engine/Content/EngineDamageTypes/DmgTypeBP_Environmental.uasset" 448
"../../../Engine/Content/EngineDamageTypes/DmgTypeBP_Environmental.uexp" 449
"../../../Engine/Content/EditorResources/EmptyActor.uasset" 450
"../../../Engine/Content/EditorResources/EmptyActor.uexp" 451
"../../../Engine/Content/EditorResources/BSPVertex.uasset" 452
"../../../Engine/Content/EditorResources/BSPVertex.uexp" 453
"../../../Engine/Content/EditorMaterials/PreviewShadowIndicator.ubulk" 454
"../../../Engine/Content/EditorMaterials/PreviewShadowIndicator.uasset" 455
"../../../Engine/Content/EditorMaterials/PreviewShadowIndicator.uexp" 456
"../../../Engine/Content/EditorMaterials/PreviewShadowIndicatorMaterial.uasset" 457
"../../../Engine/Content/EditorMaterials/PreviewShadowIndicatorMaterial.uexp" 458
"../../../Engine/Content/EditorMaterials/PhAT_UnselectedMaterial.uasset" 459
"../../../Engine/Content/EditorMaterials/PhAT_UnselectedMaterial.uexp" 460
"../../../Engine/Content/EditorMaterials/PhAT_NoCollisionMaterial.uasset" 461
"../../../Engine/Content/EditorMaterials/PhAT_NoCollisionMaterial.uexp" 462
"../../../Engine/Content/EditorLandscapeResources/DefaultAlphaTexture.uasset" 463
"../../../Engine/Content/EditorLandscapeResources/DefaultAlphaTexture.uexp" 464
"../../../Engine/Content/EditorLandscapeResources/DataLayer.uasset" 465
"../../../Engine/Content/EditorLandscapeResources/DataLayer.uexp" 466
"../../../Engine/Content/BasicShapes/Cone.uasset" 467
"../../../Engine/Content/BasicShapes/Cone.uexp" 468
"../../../Engine/Content/EngineSky/VolumetricClouds/CloudWeatherTexture.uasset" 469
"../../../Engine/Content/EngineSky/VolumetricClouds/CloudWeatherTexture.uexp" 470
"../../../Engine/Content/Functions/Engine_MaterialFunctions02/Utility/MakeFloat2.uasset" 471
"../../../Engine/Content/Functions/Engine_MaterialFunctions02/Utility/MakeFloat2.uexp" 472
"../../../Engine/Content/EngineSky/VolumetricClouds/CloudGradientTexture.uasset" 473
"../../../Engine/Content/EngineSky/VolumetricClouds/CloudGradientTexture.uexp" 474
"../../../Engine/Content/EngineSky/VolumetricClouds/T_NoiseShape64.ubulk" 475
"../../../Engine/Content/EngineSky/VolumetricClouds/T_NoiseShape64.uasset" 476
"../../../Engine/Content/EngineSky/VolumetricClouds/T_NoiseShape64.uexp" 477
"../../../Engine/Content/EngineSky/VolumetricClouds/T_VolumeNoiseShape64.uasset" 478
"../../../Engine/Content/EngineSky/VolumetricClouds/T_VolumeNoiseShape64.uexp" 479
"../../../Engine/Content/EngineSky/VolumetricClouds/T_NoiseErosion.ubulk" 480
"../../../Engine/Content/EngineSky/VolumetricClouds/T_NoiseErosion.uasset" 481
"../../../Engine/Content/EngineSky/VolumetricClouds/T_NoiseErosion.uexp" 482
"../../../Engine/Content/EngineSky/VolumetricClouds/T_VolumeNoiseErosion32.uasset" 483
"../../../Engine/Content/EngineSky/VolumetricClouds/T_VolumeNoiseErosion32.uexp" 484
"../../../Engine/Content/EngineSky/VolumetricClouds/m_SimpleVolumetricCloud.uasset" 485
"../../../Engine/Content/EngineSky/VolumetricClouds/m_SimpleVolumetricCloud.uexp" 486
"../../../Engine/Content/EngineSky/VolumetricClouds/m_SimpleVolumetricCloud_Inst.uasset" 487
"../../../Engine/Content/EngineSky/VolumetricClouds/m_SimpleVolumetricCloud_Inst.uexp" 488
"../../../Engine/Content/EngineResources/FilmGrains/Marcie_Grain_v3_128_M2_000.uasset" 489
"../../../Engine/Content/EngineResources/FilmGrains/Marcie_Grain_v3_128_M2_000.uexp" 490
"../../../Engine/Content/EngineMaterials/BlendFunc_DefBlend.uasset" 491
"../../../Engine/Content/EngineMaterials/BlendFunc_DefBlend.uexp" 492
"../../../Engine/Content/EngineMaterials/BlendFunc_DefBase.uasset" 493
"../../../Engine/Content/EngineMaterials/BlendFunc_DefBase.uexp" 494
"../../../Engine/Content/Functions/Engine_MaterialFunctions03/Blends/Blend_Overlay.uasset" 495
"../../../Engine/Content/Functions/Engine_MaterialFunctions03/Blends/Blend_Overlay.uexp" 496
"../../../Engine/Content/OpenWorldTemplate/LandscapeMaterial/T_GridChecker_A.ubulk" 497
"../../../Engine/Content/OpenWorldTemplate/LandscapeMaterial/T_GridChecker_A.uasset" 498
"../../../Engine/Content/OpenWorldTemplate/LandscapeMaterial/T_GridChecker_A.uexp" 499
"../../../Engine/Content/Functions/Engine_MaterialFunctions02/Utility/MakeFloat3.uasset" 500
"../../../Engine/Content/Functions/Engine_MaterialFunctions02/Utility/MakeFloat3.uexp" 501
"../../../Engine/Content/Functions/Engine_MaterialFunctions01/Gradient/LinearGradient.uasset" 502
"../../../Engine/Content/Functions/Engine_MaterialFunctions01/Gradient/LinearGradient.uexp" 503
"../../../Engine/Content/Functions/Engine_MaterialFunctions01/ImageAdjustment/CheapContrast.uasset" 504
"../../../Engine/Content/Functions/Engine_MaterialFunctions01/ImageAdjustment/CheapContrast.uexp" 505
"../../../Engine/Content/OpenWorldTemplate/LandscapeMaterial/MF_ProcGrid.uasset" 506
"../../../Engine/Content/OpenWorldTemplate/LandscapeMaterial/MF_ProcGrid.uexp" 507
"../../../Engine/Content/OpenWorldTemplate/LandscapeMaterial/M_ProcGrid.uasset" 508
"../../../Engine/Content/OpenWorldTemplate/LandscapeMaterial/M_ProcGrid.uexp" 509
"../../../Engine/Content/MobileResources/HUD/VirtualJoystick_Background.uasset" 510
"../../../Engine/Content/MobileResources/HUD/VirtualJoystick_Background.uexp" 511
"../../../Engine/Content/MobileResources/HUD/VirtualJoystick_Thumb.uasset" 512
"../../../Engine/Content/MobileResources/HUD/VirtualJoystick_Thumb.uexp" 513
"../../../Engine/Content/MobileResources/HUD/DefaultVirtualJoysticks.uasset" 514
"../../../Engine/Content/MobileResources/HUD/DefaultVirtualJoysticks.uexp" 515
"../../../Engine/Content/EditorResources/SequenceRecorder/RecordingIndicator.uasset" 516
"../../../Engine/Content/EditorResources/SequenceRecorder/RecordingIndicator.uexp" 517
"../../../Engine/Content/EditorResources/SequenceRecorder/Countdown.uasset" 518
"../../../Engine/Content/EditorResources/SequenceRecorder/Countdown.uexp" 519
"../../../Engine/Content/Functions/Engine_MaterialFunctions01/Shading/PowerToRoughness.uasset" 520
"../../../Engine/Content/Functions/Engine_MaterialFunctions01/Shading/PowerToRoughness.uexp" 521
"../../../Engine/Content/Functions/Engine_MaterialFunctions01/Shading/ConvertFromDiffSpec.uasset" 522
"../../../Engine/Content/Functions/Engine_MaterialFunctions01/Shading/ConvertFromDiffSpec.uexp" 523
"C:/_PROGRAMOWANIE/GameDev/MineSweeper/Content/Test_HLOD0_Instancing.uasset" 524
"C:/_PROGRAMOWANIE/GameDev/MineSweeper/Content/Test_HLOD0_Instancing.uexp" 525
"C:/_PROGRAMOWANIE/GameDev/MineSweeper/Content/Test.uexp" 526
"C:/_PROGRAMOWANIE/GameDev/MineSweeper/Content/Test.umap" 527
"../../../Engine/Content/Maps/Entry_BuiltData.uasset" 528
"../../../Engine/Content/Maps/Entry_BuiltData.uexp" 529
"../../../Engine/Content/Maps/Entry.uexp" 530
"../../../Engine/Content/Maps/Entry.umap" 531
"C:/_PROGRAMOWANIE/GameDev/MineSweeper/Content/Test/_Generated_/Test_MainGrid_L0_X1_Y0.uexp" 532
"C:/_PROGRAMOWANIE/GameDev/MineSweeper/Content/Test/_Generated_/Test_MainGrid_L0_X1_Y0.ubulk" 533
"C:/_PROGRAMOWANIE/GameDev/MineSweeper/Content/Test/_Generated_/Test_MainGrid_L0_X1_Y0.umap" 534
"C:/_PROGRAMOWANIE/GameDev/MineSweeper/Content/Test/_Generated_/Test_MainGrid_L0_X2_Y-1.uexp" 535
"C:/_PROGRAMOWANIE/GameDev/MineSweeper/Content/Test/_Generated_/Test_MainGrid_L0_X2_Y-1.ubulk" 536
"C:/_PROGRAMOWANIE/GameDev/MineSweeper/Content/Test/_Generated_/Test_MainGrid_L0_X2_Y-1.umap" 537
"C:/_PROGRAMOWANIE/GameDev/MineSweeper/Content/Test/_Generated_/Test_MainGrid_L0_X1_Y-3.uexp" 538
"C:/_PROGRAMOWANIE/GameDev/MineSweeper/Content/Test/_Generated_/Test_MainGrid_L0_X1_Y-3.ubulk" 539
"C:/_PROGRAMOWANIE/GameDev/MineSweeper/Content/Test/_Generated_/Test_MainGrid_L0_X1_Y-3.umap" 540
"C:/_PROGRAMOWANIE/GameDev/MineSweeper/Content/Test/_Generated_/Test_MainGrid_L0_X0_Y0.uexp" 541
"C:/_PROGRAMOWANIE/GameDev/MineSweeper/Content/Test/_Generated_/Test_MainGrid_L0_X0_Y0.ubulk" 542
"C:/_PROGRAMOWANIE/GameDev/MineSweeper/Content/Test/_Generated_/Test_MainGrid_L0_X0_Y0.umap" 543
"C:/_PROGRAMOWANIE/GameDev/MineSweeper/Content/Test/_Generated_/Test_MainGrid_L0_X-1_Y3.uexp" 544
"C:/_PROGRAMOWANIE/GameDev/MineSweeper/Content/Test/_Generated_/Test_MainGrid_L0_X-1_Y3.ubulk" 545
"C:/_PROGRAMOWANIE/GameDev/MineSweeper/Content/Test/_Generated_/Test_MainGrid_L0_X-1_Y3.umap" 546
"C:/_PROGRAMOWANIE/GameDev/MineSweeper/Content/Test/_Generated_/Test_MainGrid_L0_X-2_Y1.uexp" 547
"C:/_PROGRAMOWANIE/GameDev/MineSweeper/Content/Test/_Generated_/Test_MainGrid_L0_X-2_Y1.ubulk" 548
"C:/_PROGRAMOWANIE/GameDev/MineSweeper/Content/Test/_Generated_/Test_MainGrid_L0_X-2_Y1.umap" 549
"C:/_PROGRAMOWANIE/GameDev/MineSweeper/Content/Test/_Generated_/Test_MainGrid_L0_X0_Y3.uexp" 550
"C:/_PROGRAMOWANIE/GameDev/MineSweeper/Content/Test/_Generated_/Test_MainGrid_L0_X0_Y3.ubulk" 551
"C:/_PROGRAMOWANIE/GameDev/MineSweeper/Content/Test/_Generated_/Test_MainGrid_L0_X0_Y3.umap" 552
"C:/_PROGRAMOWANIE/GameDev/MineSweeper/Content/Test/_Generated_/Test_MainGrid_L0_X-3_Y-1.uexp" 553
"C:/_PROGRAMOWANIE/GameDev/MineSweeper/Content/Test/_Generated_/Test_MainGrid_L0_X-3_Y-1.ubulk" 554
"C:/_PROGRAMOWANIE/GameDev/MineSweeper/Content/Test/_Generated_/Test_MainGrid_L0_X-3_Y-1.umap" 555
"C:/_PROGRAMOWANIE/GameDev/MineSweeper/Content/Test/_Generated_/Test_MainGrid_L0_X-4_Y-2.uexp" 556
"C:/_PROGRAMOWANIE/GameDev/MineSweeper/Content/Test/_Generated_/Test_MainGrid_L0_X-4_Y-2.ubulk" 557
"C:/_PROGRAMOWANIE/GameDev/MineSweeper/Content/Test/_Generated_/Test_MainGrid_L0_X-4_Y-2.umap" 558
"C:/_PROGRAMOWANIE/GameDev/MineSweeper/Content/Test/_Generated_/Test_MainGrid_L0_X-1_Y-4.uexp" 559
"C:/_PROGRAMOWANIE/GameDev/MineSweeper/Content/Test/_Generated_/Test_MainGrid_L0_X-1_Y-4.ubulk" 560
"C:/_PROGRAMOWANIE/GameDev/MineSweeper/Content/Test/_Generated_/Test_MainGrid_L0_X-1_Y-4.umap" 561
"C:/_PROGRAMOWANIE/GameDev/MineSweeper/Content/Test/_Generated_/Test_MainGrid_L0_X-3_Y-2.uexp" 562
"C:/_PROGRAMOWANIE/GameDev/MineSweeper/Content/Test/_Generated_/Test_MainGrid_L0_X-3_Y-2.ubulk" 563
"C:/_PROGRAMOWANIE/GameDev/MineSweeper/Content/Test/_Generated_/Test_MainGrid_L0_X-3_Y-2.umap" 564
"C:/_PROGRAMOWANIE/GameDev/MineSweeper/Content/Test/_Generated_/Test_MainGrid_L0_X1_Y-1.uexp" 565
"C:/_PROGRAMOWANIE/GameDev/MineSweeper/Content/Test/_Generated_/Test_MainGrid_L0_X1_Y-1.ubulk" 566
"C:/_PROGRAMOWANIE/GameDev/MineSweeper/Content/Test/_Generated_/Test_MainGrid_L0_X1_Y-1.umap" 567
"C:/_PROGRAMOWANIE/GameDev/MineSweeper/Content/Test/_Generated_/Test_MainGrid_L0_X-1_Y-1.uexp" 568
"C:/_PROGRAMOWANIE/GameDev/MineSweeper/Content/Test/_Generated_/Test_MainGrid_L0_X-1_Y-1.ubulk" 569
"C:/_PROGRAMOWANIE/GameDev/MineSweeper/Content/Test/_Generated_/Test_MainGrid_L0_X-1_Y-1.umap" 570
"C:/_PROGRAMOWANIE/GameDev/MineSweeper/Content/Test/_Generated_/Test_MainGrid_L0_X3_Y-1.uexp" 571
"C:/_PROGRAMOWANIE/GameDev/MineSweeper/Content/Test/_Generated_/Test_MainGrid_L0_X3_Y-1.ubulk" 572
"C:/_PROGRAMOWANIE/GameDev/MineSweeper/Content/Test/_Generated_/Test_MainGrid_L0_X3_Y-1.umap" 573
"C:/_PROGRAMOWANIE/GameDev/MineSweeper/Content/Test/_Generated_/Test_MainGrid_L0_X3_Y2.uexp" 574
"C:/_PROGRAMOWANIE/GameDev/MineSweeper/Content/Test/_Generated_/Test_MainGrid_L0_X3_Y2.ubulk" 575
"C:/_PROGRAMOWANIE/GameDev/MineSweeper/Content/Test/_Generated_/Test_MainGrid_L0_X3_Y2.umap" 576
"C:/_PROGRAMOWANIE/GameDev/MineSweeper/Content/Test/_Generated_/Test_MainGrid_L0_X-1_Y0.uexp" 577
"C:/_PROGRAMOWANIE/GameDev/MineSweeper/Content/Test/_Generated_/Test_MainGrid_L0_X-1_Y0.ubulk" 578
"C:/_PROGRAMOWANIE/GameDev/MineSweeper/Content/Test/_Generated_/Test_MainGrid_L0_X-1_Y0.umap" 579
"C:/_PROGRAMOWANIE/GameDev/MineSweeper/Content/Test/_Generated_/Test_MainGrid_L0_X-2_Y-4.uexp" 580
"C:/_PROGRAMOWANIE/GameDev/MineSweeper/Content/Test/_Generated_/Test_MainGrid_L0_X-2_Y-4.ubulk" 581
"C:/_PROGRAMOWANIE/GameDev/MineSweeper/Content/Test/_Generated_/Test_MainGrid_L0_X-2_Y-4.umap" 582
"C:/_PROGRAMOWANIE/GameDev/MineSweeper/Content/Test/_Generated_/Test_MainGrid_L0_X-1_Y2.uexp" 583
"C:/_PROGRAMOWANIE/GameDev/MineSweeper/Content/Test/_Generated_/Test_MainGrid_L0_X-1_Y2.ubulk" 584
"C:/_PROGRAMOWANIE/GameDev/MineSweeper/Content/Test/_Generated_/Test_MainGrid_L0_X-1_Y2.umap" 585
"C:/_PROGRAMOWANIE/GameDev/MineSweeper/Content/Test/_Generated_/Test_MainGrid_L0_X0_Y2.uexp" 586
"C:/_PROGRAMOWANIE/GameDev/MineSweeper/Content/Test/_Generated_/Test_MainGrid_L0_X0_Y2.ubulk" 587
"C:/_PROGRAMOWANIE/GameDev/MineSweeper/Content/Test/_Generated_/Test_MainGrid_L0_X0_Y2.umap" 588
"C:/_PROGRAMOWANIE/GameDev/MineSweeper/Content/Test/_Generated_/Test_MainGrid_L0_X3_Y-2.uexp" 589
"C:/_PROGRAMOWANIE/GameDev/MineSweeper/Content/Test/_Generated_/Test_MainGrid_L0_X3_Y-2.ubulk" 590
"C:/_PROGRAMOWANIE/GameDev/MineSweeper/Content/Test/_Generated_/Test_MainGrid_L0_X3_Y-2.umap" 591
"C:/_PROGRAMOWANIE/GameDev/MineSweeper/Content/Test/_Generated_/Test_MainGrid_L0_X0_Y-1.uexp" 592
"C:/_PROGRAMOWANIE/GameDev/MineSweeper/Content/Test/_Generated_/Test_MainGrid_L0_X0_Y-1.ubulk" 593
"C:/_PROGRAMOWANIE/GameDev/MineSweeper/Content/Test/_Generated_/Test_MainGrid_L0_X0_Y-1.umap" 594
"C:/_PROGRAMOWANIE/GameDev/MineSweeper/Content/Test/_Generated_/Test_MainGrid_L0_X1_Y1.uexp" 595
"C:/_PROGRAMOWANIE/GameDev/MineSweeper/Content/Test/_Generated_/Test_MainGrid_L0_X1_Y1.ubulk" 596
"C:/_PROGRAMOWANIE/GameDev/MineSweeper/Content/Test/_Generated_/Test_MainGrid_L0_X1_Y1.umap" 597
"C:/_PROGRAMOWANIE/GameDev/MineSweeper/Content/Test/_Generated_/Test_MainGrid_L0_X3_Y-4.uexp" 598
"C:/_PROGRAMOWANIE/GameDev/MineSweeper/Content/Test/_Generated_/Test_MainGrid_L0_X3_Y-4.ubulk" 599
"C:/_PROGRAMOWANIE/GameDev/MineSweeper/Content/Test/_Generated_/Test_MainGrid_L0_X3_Y-4.umap" 600
"C:/_PROGRAMOWANIE/GameDev/MineSweeper/Content/Test/_Generated_/Test_MainGrid_L0_X2_Y3.uexp" 601
"C:/_PROGRAMOWANIE/GameDev/MineSweeper/Content/Test/_Generated_/Test_MainGrid_L0_X2_Y3.ubulk" 602
"C:/_PROGRAMOWANIE/GameDev/MineSweeper/Content/Test/_Generated_/Test_MainGrid_L0_X2_Y3.umap" 603
"C:/_PROGRAMOWANIE/GameDev/MineSweeper/Content/Test/_Generated_/Test_MainGrid_L0_X-3_Y2.uexp" 604
"C:/_PROGRAMOWANIE/GameDev/MineSweeper/Content/Test/_Generated_/Test_MainGrid_L0_X-3_Y2.ubulk" 605
"C:/_PROGRAMOWANIE/GameDev/MineSweeper/Content/Test/_Generated_/Test_MainGrid_L0_X-3_Y2.umap" 606
"C:/_PROGRAMOWANIE/GameDev/MineSweeper/Content/Test/_Generated_/Test_MainGrid_L0_X3_Y0.uexp" 607
"C:/_PROGRAMOWANIE/GameDev/MineSweeper/Content/Test/_Generated_/Test_MainGrid_L0_X3_Y0.ubulk" 608
"C:/_PROGRAMOWANIE/GameDev/MineSweeper/Content/Test/_Generated_/Test_MainGrid_L0_X3_Y0.umap" 609
"C:/_PROGRAMOWANIE/GameDev/MineSweeper/Content/Test/_Generated_/Test_MainGrid_L0_X0_Y1.uexp" 610
"C:/_PROGRAMOWANIE/GameDev/MineSweeper/Content/Test/_Generated_/Test_MainGrid_L0_X0_Y1.ubulk" 611
"C:/_PROGRAMOWANIE/GameDev/MineSweeper/Content/Test/_Generated_/Test_MainGrid_L0_X0_Y1.umap" 612
"C:/_PROGRAMOWANIE/GameDev/MineSweeper/Content/Test/_Generated_/Test_MainGrid_L0_X3_Y3.uexp" 613
"C:/_PROGRAMOWANIE/GameDev/MineSweeper/Content/Test/_Generated_/Test_MainGrid_L0_X3_Y3.ubulk" 614
"C:/_PROGRAMOWANIE/GameDev/MineSweeper/Content/Test/_Generated_/Test_MainGrid_L0_X3_Y3.umap" 615
"C:/_PROGRAMOWANIE/GameDev/MineSweeper/Content/Test/_Generated_/Test_MainGrid_L0_X-4_Y0.uexp" 616
"C:/_PROGRAMOWANIE/GameDev/MineSweeper/Content/Test/_Generated_/Test_MainGrid_L0_X-4_Y0.ubulk" 617
"C:/_PROGRAMOWANIE/GameDev/MineSweeper/Content/Test/_Generated_/Test_MainGrid_L0_X-4_Y0.umap" 618
"C:/_PROGRAMOWANIE/GameDev/MineSweeper/Content/Test/_Generated_/Test_MainGrid_L0_X-1_Y-3.uexp" 619
"C:/_PROGRAMOWANIE/GameDev/MineSweeper/Content/Test/_Generated_/Test_MainGrid_L0_X-1_Y-3.ubulk" 620
"C:/_PROGRAMOWANIE/GameDev/MineSweeper/Content/Test/_Generated_/Test_MainGrid_L0_X-1_Y-3.umap" 621
"C:/_PROGRAMOWANIE/GameDev/MineSweeper/Content/Test/_Generated_/Test_MainGrid_L0_X2_Y2.uexp" 622
"C:/_PROGRAMOWANIE/GameDev/MineSweeper/Content/Test/_Generated_/Test_MainGrid_L0_X2_Y2.ubulk" 623
"C:/_PROGRAMOWANIE/GameDev/MineSweeper/Content/Test/_Generated_/Test_MainGrid_L0_X2_Y2.umap" 624
"C:/_PROGRAMOWANIE/GameDev/MineSweeper/Content/Test/_Generated_/Test_MainGrid_L0_X1_Y-4.uexp" 625
"C:/_PROGRAMOWANIE/GameDev/MineSweeper/Content/Test/_Generated_/Test_MainGrid_L0_X1_Y-4.ubulk" 626
"C:/_PROGRAMOWANIE/GameDev/MineSweeper/Content/Test/_Generated_/Test_MainGrid_L0_X1_Y-4.umap" 627
"C:/_PROGRAMOWANIE/GameDev/MineSweeper/Content/Test/_Generated_/Test_MainGrid_L0_X3_Y1.uexp" 628
"C:/_PROGRAMOWANIE/GameDev/MineSweeper/Content/Test/_Generated_/Test_MainGrid_L0_X3_Y1.ubulk" 629
"C:/_PROGRAMOWANIE/GameDev/MineSweeper/Content/Test/_Generated_/Test_MainGrid_L0_X3_Y1.umap" 630
"C:/_PROGRAMOWANIE/GameDev/MineSweeper/Content/Test/_Generated_/Test_MainGrid_L0_X-2_Y3.uexp" 631
"C:/_PROGRAMOWANIE/GameDev/MineSweeper/Content/Test/_Generated_/Test_MainGrid_L0_X-2_Y3.ubulk" 632
"C:/_PROGRAMOWANIE/GameDev/MineSweeper/Content/Test/_Generated_/Test_MainGrid_L0_X-2_Y3.umap" 633
"C:/_PROGRAMOWANIE/GameDev/MineSweeper/Content/Test/_Generated_/Test_MainGrid_L0_X1_Y2.uexp" 634
"C:/_PROGRAMOWANIE/GameDev/MineSweeper/Content/Test/_Generated_/Test_MainGrid_L0_X1_Y2.ubulk" 635
"C:/_PROGRAMOWANIE/GameDev/MineSweeper/Content/Test/_Generated_/Test_MainGrid_L0_X1_Y2.umap" 636
"C:/_PROGRAMOWANIE/GameDev/MineSweeper/Content/Test/_Generated_/Test_MainGrid_L0_X-4_Y-4.uexp" 637
"C:/_PROGRAMOWANIE/GameDev/MineSweeper/Content/Test/_Generated_/Test_MainGrid_L0_X-4_Y-4.ubulk" 638
"C:/_PROGRAMOWANIE/GameDev/MineSweeper/Content/Test/_Generated_/Test_MainGrid_L0_X-4_Y-4.umap" 639
"C:/_PROGRAMOWANIE/GameDev/MineSweeper/Content/Test/_Generated_/Test_MainGrid_L0_X-4_Y-1.uexp" 640
"C:/_PROGRAMOWANIE/GameDev/MineSweeper/Content/Test/_Generated_/Test_MainGrid_L0_X-4_Y-1.ubulk" 641
"C:/_PROGRAMOWANIE/GameDev/MineSweeper/Content/Test/_Generated_/Test_MainGrid_L0_X-4_Y-1.umap" 642
"C:/_PROGRAMOWANIE/GameDev/MineSweeper/Content/Test/_Generated_/Test_MainGrid_L0_X2_Y-2.uexp" 643
"C:/_PROGRAMOWANIE/GameDev/MineSweeper/Content/Test/_Generated_/Test_MainGrid_L0_X2_Y-2.ubulk" 644
"C:/_PROGRAMOWANIE/GameDev/MineSweeper/Content/Test/_Generated_/Test_MainGrid_L0_X2_Y-2.umap" 645
"C:/_PROGRAMOWANIE/GameDev/MineSweeper/Content/Test/_Generated_/Test_MainGrid_L0_X2_Y-4.uexp" 646
"C:/_PROGRAMOWANIE/GameDev/MineSweeper/Content/Test/_Generated_/Test_MainGrid_L0_X2_Y-4.ubulk" 647
"C:/_PROGRAMOWANIE/GameDev/MineSweeper/Content/Test/_Generated_/Test_MainGrid_L0_X2_Y-4.umap" 648
"C:/_PROGRAMOWANIE/GameDev/MineSweeper/Content/Test/_Generated_/Test_MainGrid_L0_X2_Y0.uexp" 649
"C:/_PROGRAMOWANIE/GameDev/MineSweeper/Content/Test/_Generated_/Test_MainGrid_L0_X2_Y0.ubulk" 650
"C:/_PROGRAMOWANIE/GameDev/MineSweeper/Content/Test/_Generated_/Test_MainGrid_L0_X2_Y0.umap" 651
"C:/_PROGRAMOWANIE/GameDev/MineSweeper/Content/Test/_Generated_/Test_MainGrid_L0_X-2_Y-3.uexp" 652
"C:/_PROGRAMOWANIE/GameDev/MineSweeper/Content/Test/_Generated_/Test_MainGrid_L0_X-2_Y-3.ubulk" 653
"C:/_PROGRAMOWANIE/GameDev/MineSweeper/Content/Test/_Generated_/Test_MainGrid_L0_X-2_Y-3.umap" 654
"C:/_PROGRAMOWANIE/GameDev/MineSweeper/Content/Test/_Generated_/Test_MainGrid_L0_X-2_Y-2.uexp" 655
"C:/_PROGRAMOWANIE/GameDev/MineSweeper/Content/Test/_Generated_/Test_MainGrid_L0_X-2_Y-2.ubulk" 656
"C:/_PROGRAMOWANIE/GameDev/MineSweeper/Content/Test/_Generated_/Test_MainGrid_L0_X-2_Y-2.umap" 657
"C:/_PROGRAMOWANIE/GameDev/MineSweeper/Content/Test/_Generated_/Test_MainGrid_L0_X-4_Y2.uexp" 658
"C:/_PROGRAMOWANIE/GameDev/MineSweeper/Content/Test/_Generated_/Test_MainGrid_L0_X-4_Y2.ubulk" 659
"C:/_PROGRAMOWANIE/GameDev/MineSweeper/Content/Test/_Generated_/Test_MainGrid_L0_X-4_Y2.umap" 660
"C:/_PROGRAMOWANIE/GameDev/MineSweeper/Content/Test/_Generated_/Test_MainGrid_L0_X-2_Y-1.uexp" 661
"C:/_PROGRAMOWANIE/GameDev/MineSweeper/Content/Test/_Generated_/Test_MainGrid_L0_X-2_Y-1.ubulk" 662
"C:/_PROGRAMOWANIE/GameDev/MineSweeper/Content/Test/_Generated_/Test_MainGrid_L0_X-2_Y-1.umap" 663
"C:/_PROGRAMOWANIE/GameDev/MineSweeper/Content/Test/_Generated_/Test_MainGrid_L0_X-4_Y-3.uexp" 664
"C:/_PROGRAMOWANIE/GameDev/MineSweeper/Content/Test/_Generated_/Test_MainGrid_L0_X-4_Y-3.ubulk" 665
"C:/_PROGRAMOWANIE/GameDev/MineSweeper/Content/Test/_Generated_/Test_MainGrid_L0_X-4_Y-3.umap" 666
"C:/_PROGRAMOWANIE/GameDev/MineSweeper/Content/Test/_Generated_/Test_MainGrid_L0_X-3_Y0.uexp" 667
"C:/_PROGRAMOWANIE/GameDev/MineSweeper/Content/Test/_Generated_/Test_MainGrid_L0_X-3_Y0.ubulk" 668
"C:/_PROGRAMOWANIE/GameDev/MineSweeper/Content/Test/_Generated_/Test_MainGrid_L0_X-3_Y0.umap" 669
"C:/_PROGRAMOWANIE/GameDev/MineSweeper/Content/Test/_Generated_/Test_MainGrid_L0_X-4_Y1.uexp" 670
"C:/_PROGRAMOWANIE/GameDev/MineSweeper/Content/Test/_Generated_/Test_MainGrid_L0_X-4_Y1.ubulk" 671
"C:/_PROGRAMOWANIE/GameDev/MineSweeper/Content/Test/_Generated_/Test_MainGrid_L0_X-4_Y1.umap" 672
"C:/_PROGRAMOWANIE/GameDev/MineSweeper/Content/Test/_Generated_/Test_MainGrid_L0_X1_Y-2.uexp" 673
"C:/_PROGRAMOWANIE/GameDev/MineSweeper/Content/Test/_Generated_/Test_MainGrid_L0_X1_Y-2.ubulk" 674
"C:/_PROGRAMOWANIE/GameDev/MineSweeper/Content/Test/_Generated_/Test_MainGrid_L0_X1_Y-2.umap" 675
"C:/_PROGRAMOWANIE/GameDev/MineSweeper/Content/Test/_Generated_/Test_MainGrid_L0_X0_Y-2.uexp" 676
"C:/_PROGRAMOWANIE/GameDev/MineSweeper/Content/Test/_Generated_/Test_MainGrid_L0_X0_Y-2.ubulk" 677
"C:/_PROGRAMOWANIE/GameDev/MineSweeper/Content/Test/_Generated_/Test_MainGrid_L0_X0_Y-2.umap" 678
"C:/_PROGRAMOWANIE/GameDev/MineSweeper/Content/Test/_Generated_/Test_MainGrid_L0_X-3_Y-3.uexp" 679
"C:/_PROGRAMOWANIE/GameDev/MineSweeper/Content/Test/_Generated_/Test_MainGrid_L0_X-3_Y-3.ubulk" 680
"C:/_PROGRAMOWANIE/GameDev/MineSweeper/Content/Test/_Generated_/Test_MainGrid_L0_X-3_Y-3.umap" 681
"C:/_PROGRAMOWANIE/GameDev/MineSweeper/Content/Test/_Generated_/Test_MainGrid_L0_X2_Y1.uexp" 682
"C:/_PROGRAMOWANIE/GameDev/MineSweeper/Content/Test/_Generated_/Test_MainGrid_L0_X2_Y1.ubulk" 683
"C:/_PROGRAMOWANIE/GameDev/MineSweeper/Content/Test/_Generated_/Test_MainGrid_L0_X2_Y1.umap" 684
"C:/_PROGRAMOWANIE/GameDev/MineSweeper/Content/Test/_Generated_/Test_MainGrid_L0_X0_Y-4.uexp" 685
"C:/_PROGRAMOWANIE/GameDev/MineSweeper/Content/Test/_Generated_/Test_MainGrid_L0_X0_Y-4.ubulk" 686
"C:/_PROGRAMOWANIE/GameDev/MineSweeper/Content/Test/_Generated_/Test_MainGrid_L0_X0_Y-4.umap" 687
"C:/_PROGRAMOWANIE/GameDev/MineSweeper/Content/Test/_Generated_/Test_MainGrid_L0_X-2_Y2.uexp" 688
"C:/_PROGRAMOWANIE/GameDev/MineSweeper/Content/Test/_Generated_/Test_MainGrid_L0_X-2_Y2.ubulk" 689
"C:/_PROGRAMOWANIE/GameDev/MineSweeper/Content/Test/_Generated_/Test_MainGrid_L0_X-2_Y2.umap" 690
"C:/_PROGRAMOWANIE/GameDev/MineSweeper/Content/Test/_Generated_/Test_MainGrid_L0_X-4_Y3.uexp" 691
"C:/_PROGRAMOWANIE/GameDev/MineSweeper/Content/Test/_Generated_/Test_MainGrid_L0_X-4_Y3.ubulk" 692
"C:/_PROGRAMOWANIE/GameDev/MineSweeper/Content/Test/_Generated_/Test_MainGrid_L0_X-4_Y3.umap" 693
"C:/_PROGRAMOWANIE/GameDev/MineSweeper/Content/Test/_Generated_/Test_MainGrid_L0_X-2_Y0.uexp" 694
"C:/_PROGRAMOWANIE/GameDev/MineSweeper/Content/Test/_Generated_/Test_MainGrid_L0_X-2_Y0.ubulk" 695
"C:/_PROGRAMOWANIE/GameDev/MineSweeper/Content/Test/_Generated_/Test_MainGrid_L0_X-2_Y0.umap" 696
"C:/_PROGRAMOWANIE/GameDev/MineSweeper/Content/Test/_Generated_/Test_MainGrid_L0_X-3_Y-4.uexp" 697
"C:/_PROGRAMOWANIE/GameDev/MineSweeper/Content/Test/_Generated_/Test_MainGrid_L0_X-3_Y-4.ubulk" 698
"C:/_PROGRAMOWANIE/GameDev/MineSweeper/Content/Test/_Generated_/Test_MainGrid_L0_X-3_Y-4.umap" 699
"C:/_PROGRAMOWANIE/GameDev/MineSweeper/Content/Test/_Generated_/Test_MainGrid_L0_X-1_Y-2.uexp" 700
"C:/_PROGRAMOWANIE/GameDev/MineSweeper/Content/Test/_Generated_/Test_MainGrid_L0_X-1_Y-2.ubulk" 701
"C:/_PROGRAMOWANIE/GameDev/MineSweeper/Content/Test/_Generated_/Test_MainGrid_L0_X-1_Y-2.umap" 702
"C:/_PROGRAMOWANIE/GameDev/MineSweeper/Content/Test/_Generated_/Test_MainGrid_L0_X-1_Y1.uexp" 703
"C:/_PROGRAMOWANIE/GameDev/MineSweeper/Content/Test/_Generated_/Test_MainGrid_L0_X-1_Y1.ubulk" 704
"C:/_PROGRAMOWANIE/GameDev/MineSweeper/Content/Test/_Generated_/Test_MainGrid_L0_X-1_Y1.umap" 705
"C:/_PROGRAMOWANIE/GameDev/MineSweeper/Content/Test/_Generated_/Test_MainGrid_L0_X-3_Y1.uexp" 706
"C:/_PROGRAMOWANIE/GameDev/MineSweeper/Content/Test/_Generated_/Test_MainGrid_L0_X-3_Y1.ubulk" 707
"C:/_PROGRAMOWANIE/GameDev/MineSweeper/Content/Test/_Generated_/Test_MainGrid_L0_X-3_Y1.umap" 708
"C:/_PROGRAMOWANIE/GameDev/MineSweeper/Content/Test/_Generated_/Test_MainGrid_L0_X0_Y-3.uexp" 709
"C:/_PROGRAMOWANIE/GameDev/MineSweeper/Content/Test/_Generated_/Test_MainGrid_L0_X0_Y-3.ubulk" 710
"C:/_PROGRAMOWANIE/GameDev/MineSweeper/Content/Test/_Generated_/Test_MainGrid_L0_X0_Y-3.umap" 711
"C:/_PROGRAMOWANIE/GameDev/MineSweeper/Content/Test/_Generated_/Test_MainGrid_L0_X1_Y3.uexp" 712
"C:/_PROGRAMOWANIE/GameDev/MineSweeper/Content/Test/_Generated_/Test_MainGrid_L0_X1_Y3.ubulk" 713
"C:/_PROGRAMOWANIE/GameDev/MineSweeper/Content/Test/_Generated_/Test_MainGrid_L0_X1_Y3.umap" 714
"C:/_PROGRAMOWANIE/GameDev/MineSweeper/Content/Test/_Generated_/Test_MainGrid_L0_X-3_Y3.uexp" 715
"C:/_PROGRAMOWANIE/GameDev/MineSweeper/Content/Test/_Generated_/Test_MainGrid_L0_X-3_Y3.ubulk" 716
"C:/_PROGRAMOWANIE/GameDev/MineSweeper/Content/Test/_Generated_/Test_MainGrid_L0_X-3_Y3.umap" 717
"C:/_PROGRAMOWANIE/GameDev/MineSweeper/Content/Test/_Generated_/Test_MainGrid_L0_X2_Y-3.uexp" 718
"C:/_PROGRAMOWANIE/GameDev/MineSweeper/Content/Test/_Generated_/Test_MainGrid_L0_X2_Y-3.ubulk" 719
"C:/_PROGRAMOWANIE/GameDev/MineSweeper/Content/Test/_Generated_/Test_MainGrid_L0_X2_Y-3.umap" 720
"C:/_PROGRAMOWANIE/GameDev/MineSweeper/Content/Test/_Generated_/Test_MainGrid_L0_X3_Y-3.uexp" 721
"C:/_PROGRAMOWANIE/GameDev/MineSweeper/Content/Test/_Generated_/Test_MainGrid_L0_X3_Y-3.ubulk" 722
"C:/_PROGRAMOWANIE/GameDev/MineSweeper/Content/Test/_Generated_/Test_MainGrid_L0_X3_Y-3.umap" 723
